{"/Users/rogerterrazas/Codebase/nvim-aws/rplugin/node/nvim-aws/src/accessors/ddb/tables.ts": {"path":"/Users/rogerterrazas/Codebase/nvim-aws/rplugin/node/nvim-aws/src/accessors/ddb/tables.ts","statementMap":{"0":{"start":{"line":4,"column":17},"end":{"line":4,"column":null}},"1":{"start":{"line":5,"column":17},"end":{"line":5,"column":null}},"2":{"start":{"line":6,"column":18},"end":{"line":6,"column":null}},"3":{"start":{"line":7,"column":19},"end":{"line":7,"column":null}},"4":{"start":{"line":9,"column":2},"end":{"line":9,"column":null}}},"fnMap":{"0":{"name":"listDynamoDBTables","decl":{"start":{"line":3,"column":22},"end":{"line":3,"column":74}},"loc":{"start":{"line":3,"column":74},"end":{"line":10,"column":null}},"line":3}},"branchMap":{},"s":{"0":17,"1":17,"2":17,"3":17,"4":12},"f":{"0":17},"b":{},"meta":{"lastBranch":0,"lastFunction":1,"lastStatement":5,"seen":{"f:3:22:3:74":0,"s:4:17:4:Infinity":0,"s:5:17:5:Infinity":1,"s:6:18:6:Infinity":2,"s:7:19:7:Infinity":3,"s:9:2:9:Infinity":4}}}
}
